<?xml version="1.0" encoding="UTF-8"?>
<!-- Generated by org.testng.reporters.JUnitReportReporter -->
<testsuite hostname="Lenovo-PC" name="com.qa.tests.PostAPITest" tests="1" failures="0" timestamp="28 Feb 2021 05:05:16 GMT" time="2.019" errors="0">
  <testcase name="postAPITest" time="2.019" classname="com.qa.tests.PostAPITest"/>
</testsuite> <!-- com.qa.tests.PostAPITest -->
