<?xml version="1.0" encoding="UTF-8"?>
<!-- Generated by org.testng.reporters.JUnitReportReporter -->
<testsuite hostname="Lenovo-PC" name="com.qa.tests.GetAPITest" tests="1" failures="0" timestamp="25 Feb 2021 03:43:36 GMT" time="1.194" errors="0">
  <testcase name="getAPITest" time="1.194" classname="com.qa.tests.GetAPITest"/>
</testsuite> <!-- com.qa.tests.GetAPITest -->
