<?xml version="1.0" encoding="UTF-8"?>
<!-- Generated by org.testng.reporters.JUnitReportReporter -->
<testsuite hostname="Lenovo-PC" name="com.qa.tests.GetAPITest" tests="2" failures="0" timestamp="25 Feb 2021 15:34:48 GMT" time="4.323" errors="0">
  <testcase name="getAPITestWithoutHeader" time="3.899" classname="com.qa.tests.GetAPITest"/>
  <testcase name="getAPITestWithHeader" time="0.424" classname="com.qa.tests.GetAPITest"/>
</testsuite> <!-- com.qa.tests.GetAPITest -->
